<?xml version="1.0" encoding="UTF-8"?>
<!-- Generated by org.testng.reporters.JUnitXMLReporter -->
<testsuite hostname="DESKTOP-P82OMDO" ignored="1" name="Default test" tests="3" failures="0" timestamp="28 Jul 2020 16:08:44 GMT" time="0.056" errors="0">
  <testcase name="WDemo3" time="0.008" classname="testNGPack.testNGEx1"/>
  <testcase name="Demo4" time="0.003" classname="testNGPack.testNGEx1"/>
  <testcase name="Demo3" time="0.003" classname="testNGPack.testNGEx1"/>
  <testcase name="XDemo3" time="0.0" classname="testNGPack.testNGEx1">
    <ignored/>
  </testcase> <!-- XDemo3 -->
</testsuite> <!-- Default test -->
