<?xml version="1.0" encoding="UTF-8"?>
<!-- Generated by org.testng.reporters.JUnitXMLReporter -->
<testsuite hostname="DESKTOP-P82OMDO" ignored="0" name="Car Loan" tests="5" failures="0" timestamp="03 Sep 2020 11:10:22 GMT" time="0.016" errors="0">
  <testcase name="apiLoginCarloan" time="0.001" classname="testNGPack.testNGEx2"/>
  <testcase name="mobileLoginCarloan" time="0.002" classname="testNGPack.testNGEx2"/>
  <testcase name="webLoginCarloan" time="0.002" classname="testNGPack.testNGEx2"/>
  <testcase name="demo" time="0.002" classname="testNGPack.testNGEx"/>
  <testcase name="demo1" time="0.001" classname="testNGPack.testNGEx"/>
</testsuite> <!-- Car Loan -->
