<?xml version="1.0" encoding="UTF-8"?>
<testng-results skipped="0" failed="1" ignored="1" total="10" passed="8">
  <reporter-output>
  </reporter-output>
  <suite name="Loan Department" duration-ms="54" started-at="2020-09-03T11:12:32Z" finished-at="2020-09-03T11:12:32Z">
    <groups>
      <group name="Smoke">
        <method signature="testNGEx.demo()[pri:0, instance:testNGPack.testNGEx@25a65b77]" name="demo" class="testNGPack.testNGEx"/>
        <method signature="testNGEx1.Demo4()[pri:0, instance:testNGPack.testNGEx1@12d3a4e9]" name="Demo4" class="testNGPack.testNGEx1"/>
      </group> <!-- Smoke -->
    </groups>
    <test name="Personal Loan" duration-ms="54" started-at="2020-09-03T11:12:32Z" finished-at="2020-09-03T11:12:32Z">
      <class name="testNGPack.testNGEx">
        <test-method status="PASS" signature="demo()[pri:0, instance:testNGPack.testNGEx@25a65b77]" name="demo" duration-ms="3" started-at="2020-09-03T11:12:32Z" finished-at="2020-09-03T11:12:32Z">
          <reporter-output>
          </reporter-output>
        </test-method> <!-- demo -->
        <test-method status="PASS" signature="demo1()[pri:0, instance:testNGPack.testNGEx@25a65b77]" name="demo1" duration-ms="3" started-at="2020-09-03T11:12:32Z" finished-at="2020-09-03T11:12:32Z">
          <reporter-output>
          </reporter-output>
        </test-method> <!-- demo1 -->
      </class> <!-- testNGPack.testNGEx -->
      <class name="testNGPack.testNGEx2">
        <test-method status="PASS" signature="firstexecution()[pri:0, instance:testNGPack.testNGEx2@240237d2]" name="firstexecution" is-config="true" duration-ms="1" started-at="2020-09-03T11:12:32Z" finished-at="2020-09-03T11:12:32Z">
          <reporter-output>
          </reporter-output>
        </test-method> <!-- firstexecution -->
        <test-method status="PASS" signature="apiLoginCarloan()[pri:0, instance:testNGPack.testNGEx2@240237d2]" name="apiLoginCarloan" duration-ms="1" started-at="2020-09-03T11:12:32Z" finished-at="2020-09-03T11:12:32Z">
          <reporter-output>
          </reporter-output>
        </test-method> <!-- apiLoginCarloan -->
        <test-method status="PASS" signature="mobileLoginCarloan()[pri:0, instance:testNGPack.testNGEx2@240237d2]" name="mobileLoginCarloan" duration-ms="2" started-at="2020-09-03T11:12:32Z" finished-at="2020-09-03T11:12:32Z">
          <reporter-output>
          </reporter-output>
        </test-method> <!-- mobileLoginCarloan -->
        <test-method status="PASS" signature="webLoginCarloan()[pri:0, instance:testNGPack.testNGEx2@240237d2]" name="webLoginCarloan" duration-ms="1" started-at="2020-09-03T11:12:32Z" finished-at="2020-09-03T11:12:32Z">
          <reporter-output>
          </reporter-output>
        </test-method> <!-- webLoginCarloan -->
        <test-method status="PASS" signature="lastexecution()[pri:0, instance:testNGPack.testNGEx2@240237d2]" name="lastexecution" is-config="true" duration-ms="0" started-at="2020-09-03T11:12:32Z" finished-at="2020-09-03T11:12:32Z">
          <reporter-output>
          </reporter-output>
        </test-method> <!-- lastexecution -->
      </class> <!-- testNGPack.testNGEx2 -->
      <class name="testNGPack.testNGEx1">
        <test-method status="PASS" signature="firstbeforesuite()[pri:0, instance:testNGPack.testNGEx1@12d3a4e9]" name="firstbeforesuite" is-config="true" duration-ms="10" started-at="2020-09-03T11:12:32Z" finished-at="2020-09-03T11:12:32Z">
          <reporter-output>
          </reporter-output>
        </test-method> <!-- firstbeforesuite -->
        <test-method status="PASS" signature="firstbeforeclass()[pri:0, instance:testNGPack.testNGEx1@12d3a4e9]" name="firstbeforeclass" is-config="true" duration-ms="0" started-at="2020-09-03T11:12:32Z" finished-at="2020-09-03T11:12:32Z">
          <reporter-output>
          </reporter-output>
        </test-method> <!-- firstbeforeclass -->
        <test-method status="PASS" signature="firstbeforemethod()[pri:0, instance:testNGPack.testNGEx1@12d3a4e9]" name="firstbeforemethod" is-config="true" duration-ms="0" started-at="2020-09-03T11:12:32Z" finished-at="2020-09-03T11:12:32Z">
          <reporter-output>
          </reporter-output>
        </test-method> <!-- firstbeforemethod -->
        <test-method status="PASS" signature="WDemo3()[pri:0, instance:testNGPack.testNGEx1@12d3a4e9]" name="WDemo3" duration-ms="1" started-at="2020-09-03T11:12:32Z" finished-at="2020-09-03T11:12:32Z">
          <reporter-output>
          </reporter-output>
        </test-method> <!-- WDemo3 -->
        <test-method status="PASS" signature="firstaftermethod()[pri:0, instance:testNGPack.testNGEx1@12d3a4e9]" name="firstaftermethod" is-config="true" duration-ms="1" started-at="2020-09-03T11:12:32Z" finished-at="2020-09-03T11:12:32Z">
          <reporter-output>
          </reporter-output>
        </test-method> <!-- firstaftermethod -->
        <test-method status="PASS" signature="firstbeforemethod()[pri:0, instance:testNGPack.testNGEx1@12d3a4e9]" name="firstbeforemethod" is-config="true" duration-ms="1" started-at="2020-09-03T11:12:32Z" finished-at="2020-09-03T11:12:32Z">
          <reporter-output>
          </reporter-output>
        </test-method> <!-- firstbeforemethod -->
        <test-method status="PASS" signature="Demo4()[pri:0, instance:testNGPack.testNGEx1@12d3a4e9]" name="Demo4" duration-ms="2" started-at="2020-09-03T11:12:32Z" finished-at="2020-09-03T11:12:32Z">
          <reporter-output>
          </reporter-output>
        </test-method> <!-- Demo4 -->
        <test-method status="PASS" signature="firstaftermethod()[pri:0, instance:testNGPack.testNGEx1@12d3a4e9]" name="firstaftermethod" is-config="true" duration-ms="0" started-at="2020-09-03T11:12:32Z" finished-at="2020-09-03T11:12:32Z">
          <reporter-output>
          </reporter-output>
        </test-method> <!-- firstaftermethod -->
        <test-method status="FAIL" signature="WDemo4(java.lang.String)[pri:0, instance:testNGPack.testNGEx1@12d3a4e9]" name="WDemo4" duration-ms="0" started-at="2020-09-03T11:12:32Z" finished-at="2020-09-03T11:12:32Z">
          <exception class="org.testng.TestNGException">
            <message>
              <![CDATA[
Parameter 'URL' is required by @Test on method WDemo4 but has not been marked @Optional or defined
in F:\Year2020\HybridProject\testng2.xml]]>
            </message>
            <full-stacktrace>
              <![CDATA[org.testng.TestNGException: 
Parameter 'URL' is required by @Test on method WDemo4 but has not been marked @Optional or defined
in F:\Year2020\HybridProject\testng2.xml
at org.testng.internal.Parameters.createParams(Parameters.java:290)
at org.testng.internal.Parameters.createParametersForMethod(Parameters.java:359)
at org.testng.internal.Parameters.createParameters(Parameters.java:620)
at org.testng.internal.Parameters.handleParameters(Parameters.java:769)
at org.testng.internal.ParameterHandler.handleParameters(ParameterHandler.java:49)
at org.testng.internal.ParameterHandler.createParameters(ParameterHandler.java:37)
at org.testng.internal.Invoker.invokeTestMethods(Invoker.java:924)
at org.testng.internal.TestMethodWorker.invokeTestMethods(TestMethodWorker.java:125)
at org.testng.internal.TestMethodWorker.run(TestMethodWorker.java:109)
at org.testng.TestRunner.privateRun(TestRunner.java:648)
at org.testng.TestRunner.run(TestRunner.java:505)
at org.testng.SuiteRunner.runTest(SuiteRunner.java:455)
at org.testng.SuiteRunner.runSequentially(SuiteRunner.java:450)
at org.testng.SuiteRunner.privateRun(SuiteRunner.java:415)
at org.testng.SuiteRunner.run(SuiteRunner.java:364)
at org.testng.SuiteRunnerWorker.runSuite(SuiteRunnerWorker.java:52)
at org.testng.SuiteRunnerWorker.run(SuiteRunnerWorker.java:84)
at org.testng.TestNG.runSuitesSequentially(TestNG.java:1208)
at org.testng.TestNG.runSuitesLocally(TestNG.java:1137)
at org.testng.TestNG.runSuites(TestNG.java:1049)
at org.testng.TestNG.run(TestNG.java:1017)
at org.testng.remote.AbstractRemoteTestNG.run(AbstractRemoteTestNG.java:115)
at org.testng.remote.RemoteTestNG.initAndRun(RemoteTestNG.java:251)
at org.testng.remote.RemoteTestNG.main(RemoteTestNG.java:77)
]]>
            </full-stacktrace>
          </exception> <!-- org.testng.TestNGException -->
          <reporter-output>
          </reporter-output>
        </test-method> <!-- WDemo4 -->
        <test-method status="PASS" signature="firstbeforemethod()[pri:0, instance:testNGPack.testNGEx1@12d3a4e9]" name="firstbeforemethod" is-config="true" duration-ms="0" started-at="2020-09-03T11:12:32Z" finished-at="2020-09-03T11:12:32Z">
          <reporter-output>
          </reporter-output>
        </test-method> <!-- firstbeforemethod -->
        <test-method status="PASS" signature="Demo3()[pri:0, instance:testNGPack.testNGEx1@12d3a4e9]" name="Demo3" duration-ms="1" started-at="2020-09-03T11:12:32Z" depends-on-methods="testNGPack.testNGEx1.WDemo3" finished-at="2020-09-03T11:12:32Z">
          <reporter-output>
          </reporter-output>
        </test-method> <!-- Demo3 -->
        <test-method status="PASS" signature="firstafterclass()[pri:0, instance:testNGPack.testNGEx1@12d3a4e9]" name="firstafterclass" is-config="true" duration-ms="1" started-at="2020-09-03T11:12:32Z" finished-at="2020-09-03T11:12:32Z">
          <reporter-output>
          </reporter-output>
        </test-method> <!-- firstafterclass -->
        <test-method status="PASS" signature="firstaftermethod()[pri:0, instance:testNGPack.testNGEx1@12d3a4e9]" name="firstaftermethod" is-config="true" duration-ms="0" started-at="2020-09-03T11:12:32Z" finished-at="2020-09-03T11:12:32Z">
          <reporter-output>
          </reporter-output>
        </test-method> <!-- firstaftermethod -->
        <test-method status="PASS" signature="firstaftersuite()[pri:0, instance:testNGPack.testNGEx1@12d3a4e9]" name="firstaftersuite" is-config="true" duration-ms="1" started-at="2020-09-03T11:12:32Z" finished-at="2020-09-03T11:12:32Z">
          <reporter-output>
          </reporter-output>
        </test-method> <!-- firstaftersuite -->
      </class> <!-- testNGPack.testNGEx1 -->
    </test> <!-- Personal Loan -->
  </suite> <!-- Loan Department -->
</testng-results>
